\BOOKMARK [0][-]{chapter*.1}{\376\377\000R\000e\000s\000u\000m\000e\000n}{}% 1
\BOOKMARK [0][-]{chapter*.2}{\376\377\000A\000b\000s\000t\000r\000a\000c\000t}{}% 2
\BOOKMARK [0][-]{chapter*.3}{\376\377\000D\000e\000d\000i\000c\000a\000t\000o\000r\000i\000a}{}% 3
\BOOKMARK [0][-]{chapter*.4}{\376\377\000A\000g\000r\000a\000d\000e\000c\000i\000m\000i\000e\000n\000t\000o\000s}{}% 4
\BOOKMARK [0][-]{chapter*.6}{\376\377\000\315\000n\000d\000i\000c\000e\000\040\000g\000e\000n\000e\000r\000a\000l}{}% 5
\BOOKMARK [0][-]{chapter*.8}{\376\377\000\315\000n\000d\000i\000c\000e\000\040\000d\000e\000\040\000t\000a\000b\000l\000a\000s}{}% 6
\BOOKMARK [0][-]{chapter*.10}{\376\377\000\315\000n\000d\000i\000c\000e\000\040\000d\000e\000\040\000f\000i\000g\000u\000r\000a\000s}{}% 7
\BOOKMARK [0][-]{chapter*.12}{\376\377\000S\000i\000m\000b\000o\000l\000o\000g\000\355\000a\000\040\000y\000\040\000A\000c\000r\000\363\000n\000i\000m\000o\000s}{}% 8
\BOOKMARK [0][-]{chapter.1}{\376\377\000I\000n\000t\000r\000o\000d\000u\000c\000c\000i\000\363\000n}{}% 9
\BOOKMARK [1][-]{section.1.1}{\376\377\000P\000l\000a\000n\000t\000e\000a\000m\000i\000e\000n\000t\000o\000\040\000d\000e\000l\000\040\000p\000r\000o\000b\000l\000e\000m\000a}{chapter.1}% 10
\BOOKMARK [1][-]{section.1.2}{\376\377\000J\000u\000s\000t\000i\000f\000i\000c\000a\000c\000i\000\363\000n}{chapter.1}% 11
\BOOKMARK [1][-]{section.1.3}{\376\377\000O\000b\000j\000e\000t\000i\000v\000o\000s}{chapter.1}% 12
\BOOKMARK [2][-]{subsection.1.3.1}{\376\377\000O\000b\000j\000e\000t\000i\000v\000o\000\040\000g\000e\000n\000e\000r\000a\000l}{section.1.3}% 13
\BOOKMARK [2][-]{subsection.1.3.2}{\376\377\000O\000b\000j\000e\000t\000i\000v\000o\000s\000\040\000e\000s\000p\000e\000c\000\355\000f\000i\000c\000o\000s}{section.1.3}% 14
\BOOKMARK [1][-]{section.1.4}{\376\377\000P\000r\000i\000n\000c\000i\000p\000a\000l\000e\000s\000\040\000c\000o\000n\000t\000r\000i\000b\000u\000c\000i\000o\000n\000e\000s}{chapter.1}% 15
\BOOKMARK [1][-]{section.1.5}{\376\377\000O\000r\000g\000a\000n\000i\000z\000a\000c\000i\000\363\000n\000\040\000d\000e\000l\000\040\000d\000o\000c\000u\000m\000e\000n\000t\000o}{chapter.1}% 16
\BOOKMARK [0][-]{chapter.2}{\376\377\000M\000a\000r\000c\000o\000\040\000t\000e\000\363\000r\000i\000c\000o\000\040}{}% 17
\BOOKMARK [1][-]{section.2.1}{\376\377\000S\000\355\000n\000t\000e\000s\000i\000s\000\040\000d\000e\000\040\000l\000o\000s\000\040\000a\000r\000t\000\355\000c\000u\000l\000o\000s}{chapter.2}% 18
\BOOKMARK [0][-]{chapter.3}{\376\377\000E\000s\000t\000a\000d\000o\000\040\000d\000e\000l\000\040\000a\000r\000t\000e\000\040}{}% 19
\BOOKMARK [1][-]{section.3.1}{\376\377\000R\000e\000v\000i\000s\000i\000\363\000n\000\040\000d\000e\000l\000\040\000e\000s\000t\000a\000d\000o\000\040\000d\000e\000l\000\040\000a\000r\000t\000e}{chapter.3}% 20
\BOOKMARK [1][-]{section.3.2}{\376\377\000A\000n\000\341\000l\000i\000s\000i\000s\000\040\000d\000e\000l\000\040\000e\000s\000t\000a\000d\000o\000\040\000d\000e\000l\000\040\000a\000r\000t\000e}{chapter.3}% 21
\BOOKMARK [0][-]{chapter.4}{\376\377\000M\000e\000t\000o\000d\000o\000l\000o\000g\000\355\000a\000\040}{}% 22
\BOOKMARK [1][-]{section.4.1}{\376\377\000M\000e\000t\000o\000d\000o\000l\000o\000g\000\355\000a\000\040\000d\000e\000\040\000i\000n\000v\000e\000s\000t\000i\000g\000a\000c\000i\000\363\000n}{chapter.4}% 23
\BOOKMARK [1][-]{section.4.2}{\376\377\000F\000a\000s\000e\000s\000\040\000d\000e\000\040\000d\000e\000s\000a\000r\000r\000o\000l\000l\000o\000\040\000d\000e\000l\000\040\000p\000r\000o\000y\000e\000c\000t\000o}{chapter.4}% 24
\BOOKMARK [2][-]{subsection.4.2.1}{\376\377\000M\000e\000d\000i\000a\000\040\000a\000r\000i\000t\000m\000\351\000t\000i\000c\000a}{section.4.2}% 25
\BOOKMARK [2][-]{subsection.4.2.2}{\376\377\000M\000e\000d\000i\000a\000n\000a}{section.4.2}% 26
\BOOKMARK [2][-]{subsection.4.2.3}{\376\377\000M\000o\000d\000a}{section.4.2}% 27
\BOOKMARK [2][-]{subsection.4.2.4}{\376\377\000V\000a\000r\000i\000a\000n\000z\000a\000\040\000m\000u\000e\000s\000t\000r\000a\000l}{section.4.2}% 28
\BOOKMARK [2][-]{subsection.4.2.5}{\376\377\000D\000e\000s\000v\000i\000a\000c\000i\000\363\000n\000\040\000e\000s\000t\000\341\000n\000d\000a\000r}{section.4.2}% 29
\BOOKMARK [2][-]{subsection.4.2.6}{\376\377\000C\000o\000e\000f\000i\000c\000i\000e\000n\000t\000e\000\040\000d\000e\000\040\000a\000s\000i\000m\000e\000t\000r\000\355\000a}{section.4.2}% 30
\BOOKMARK [2][-]{subsection.4.2.7}{\376\377\000C\000o\000e\000f\000i\000c\000i\000e\000n\000t\000e\000\040\000d\000e\000\040\000c\000u\000r\000t\000o\000s\000i\000s}{section.4.2}% 31
\BOOKMARK [2][-]{subsection.4.2.8}{\376\377\000I\000n\000t\000e\000r\000v\000a\000l\000o\000\040\000d\000e\000\040\000c\000o\000n\000f\000i\000a\000n\000z\000a\000\040\000p\000a\000r\000a\000\040\000l\000a\000\040\000m\000e\000d\000i\000a}{section.4.2}% 32
\BOOKMARK [2][-]{subsection.4.2.9}{\376\377\000I\000n\000t\000e\000r\000v\000a\000l\000o\000\040\000d\000e\000\040\000c\000o\000n\000f\000i\000a\000n\000z\000a\000\040\000p\000a\000r\000a\000\040\000l\000a\000\040\000v\000a\000r\000i\000a\000n\000z\000a}{section.4.2}% 33
\BOOKMARK [2][-]{subsection.4.2.10}{\376\377\000I\000n\000t\000e\000r\000v\000a\000l\000o\000\040\000d\000e\000\040\000c\000o\000n\000f\000i\000a\000n\000z\000a\000\040\000p\000a\000r\000a\000\040\000l\000a\000\040\000p\000r\000o\000p\000o\000r\000c\000i\000\363\000n}{section.4.2}% 34
\BOOKMARK [2][-]{subsection.4.2.11}{\376\377\000P\000r\000u\000e\000b\000a\000\040\000d\000e\000\040\000h\000i\000p\000\363\000t\000e\000s\000i\000s\000\040\000p\000a\000r\000a\000\040\000e\000l\000\040\000c\000o\000c\000i\000e\000n\000t\000e\000\040\000d\000e\000\040\000v\000a\000r\000i\000a\000n\000z\000a\000s\000\040\000\050\000p\000r\000u\000e\000b\000a\000\040\000F\000\051}{section.4.2}% 35
\BOOKMARK [2][-]{subsection.4.2.12}{\376\377\000P\000r\000u\000e\000b\000a\000\040\000d\000e\000\040\000h\000i\000p\000\363\000t\000e\000s\000i\000s\000\040\000p\000a\000r\000a\000\040\000d\000i\000f\000e\000r\000e\000n\000c\000i\000a\000\040\000d\000e\000\040\000m\000e\000d\000i\000a\000s\000\040\000c\000o\000n\000\040\000v\000a\000r\000i\000a\000n\000z\000a\000s\000\040\000i\000g\000u\000a\000l\000e\000s\000\040\000\050\000p\000o\000o\000l\000e\000d\000\051}{section.4.2}% 36
\BOOKMARK [2][-]{subsection.4.2.13}{\376\377\000P\000r\000u\000e\000b\000a\000\040\000d\000e\000\040\000h\000i\000p\000\363\000t\000e\000s\000i\000s\000\040\000p\000a\000r\000a\000\040\000d\000i\000f\000e\000r\000e\000n\000c\000i\000a\000\040\000d\000e\000\040\000m\000e\000d\000i\000a\000s\000\040\000c\000o\000n\000\040\000v\000a\000r\000i\000a\000n\000z\000a\000s\000\040\000d\000i\000f\000e\000r\000e\000n\000t\000e\000s\000\040\000\050\000W\000e\000l\000c\000h\000\051}{section.4.2}% 37
\BOOKMARK [2][-]{subsection.4.2.14}{\376\377\000P\000r\000u\000e\000b\000a\000\040\000d\000e\000\040\000h\000i\000p\000\363\000t\000e\000s\000i\000s\000\040\000p\000a\000r\000a\000\040\000l\000a\000\040\000d\000i\000f\000e\000r\000e\000n\000c\000i\000a\000\040\000d\000e\000\040\000p\000r\000o\000p\000o\000r\000c\000i\000o\000n\000e\000s\000\040\000c\000o\000n\000\040\000p\000r\000o\000p\000o\000r\000c\000i\000o\000n\000e\000s\000\040\000a\000g\000r\000u\000p\000a\000d\000a\000s\000\040\000o\000\040\000i\000g\000u\000a\000l\000e\000s\000\040\000\050\000p\000o\000o\000l\000e\000d\000\051}{section.4.2}% 38
\BOOKMARK [2][-]{subsection.4.2.15}{\376\377\000P\000r\000u\000e\000b\000a\000\040\000d\000e\000\040\000h\000i\000p\000\363\000t\000e\000s\000i\000s\000\040\000p\000a\000r\000a\000\040\000l\000a\000\040\000d\000i\000f\000e\000r\000e\000n\000c\000i\000a\000\040\000d\000e\000\040\000p\000r\000o\000p\000o\000r\000c\000i\000o\000n\000e\000s\000\040\000s\000i\000n\000\040\000a\000g\000r\000u\000p\000a\000m\000i\000e\000n\000t\000o\000\040\000o\000\040\000d\000i\000f\000e\000r\000e\000n\000t\000e\000s}{section.4.2}% 39
\BOOKMARK [2][-]{subsection.4.2.16}{\376\377\000P\000r\000u\000e\000b\000a\000\040\000d\000e\000\040\000b\000o\000n\000d\000a\000d\000\040\000d\000e\000\040\000a\000j\000u\000s\000t\000e\000\040\000K\000o\000l\000m\000o\000g\000o\000r\000o\000v\000-\000S\000m\000i\000r\000n\000o\000v}{section.4.2}% 40
\BOOKMARK [2][-]{subsection.4.2.17}{\376\377\000P\000r\000u\000e\000b\000a\000\040\000d\000e\000\040\000b\000o\000n\000d\000a\000d\000\040\000d\000e\000\040\000a\000j\000u\000s\000t\000e\000\040\000A\000n\000d\000e\000r\000s\000o\000n\000-\000D\000a\000r\000l\000i\000n\000g}{section.4.2}% 41
\BOOKMARK [2][-]{subsection.4.2.18}{\376\377\000P\000r\000u\000e\000b\000a\000\040\000d\000e\000\040\000b\000o\000n\000d\000a\000d\000\040\000d\000e\000\040\000a\000j\000u\000s\000t\000e\000\040\000L\000i\000l\000l\000i\000e\000f\000o\000r\000s}{section.4.2}% 42
\BOOKMARK [2][-]{subsection.4.2.19}{\376\377\000C\000r\000i\000t\000e\000r\000i\000o\000\040\000d\000e\000\040\000I\000n\000f\000o\000r\000m\000a\000c\000i\000\363\000n\000\040\000B\000a\000y\000e\000s\000i\000a\000n\000o}{section.4.2}% 43
\BOOKMARK [2][-]{subsection.4.2.20}{\376\377\000S\000e\000l\000e\000c\000c\000i\000\363\000n\000\040\000d\000e\000\040\000l\000a\000\040\000d\000i\000s\000t\000r\000i\000b\000u\000c\000i\000\363\000n\000\040\000\363\000p\000t\000i\000m\000a\000\040\000p\000o\000r\000\040\000r\000e\000g\000i\000\363\000n}{section.4.2}% 44
\BOOKMARK [2][-]{subsection.4.2.21}{\376\377\000E\000s\000t\000i\000m\000a\000c\000i\000\363\000n\000\040\000d\000e\000\040\000p\000a\000r\000\341\000m\000e\000t\000r\000o\000s\000\040\000p\000o\000r\000\040\000m\000\341\000x\000i\000m\000a\000\040\000v\000e\000r\000o\000s\000i\000m\000i\000l\000i\000t\000u\000d}{section.4.2}% 45
\BOOKMARK [2][-]{subsection.4.2.22}{\376\377\000C\000\341\000l\000c\000u\000l\000o\000\040\000d\000e\000l\000\040\000p\000e\000r\000i\000o\000d\000o\000\040\000d\000e\000\040\000r\000e\000t\000o\000r\000n\000o}{section.4.2}% 46
\BOOKMARK [2][-]{subsection.4.2.23}{\376\377\000C\000\341\000l\000c\000u\000l\000o\000\040\000d\000e\000l\000\040\000n\000i\000v\000e\000l\000\040\000d\000e\000\040\000r\000e\000t\000o\000r\000n\000o}{section.4.2}% 47
\BOOKMARK [2][-]{subsection.4.2.24}{\376\377\000C\000\341\000l\000c\000u\000l\000o\000\040\000d\000e\000\040\000p\000r\000o\000b\000a\000b\000i\000l\000i\000d\000a\000d\000e\000s\000\040\000d\000e\000\040\000e\000x\000c\000e\000d\000e\000n\000c\000i\000a}{section.4.2}% 48
\BOOKMARK [2][-]{subsection.4.2.25}{\376\377\000I\000n\000t\000e\000r\000p\000r\000e\000t\000a\000c\000i\000\363\000n\000\040\000d\000e\000\040\000l\000o\000s\000\040\000r\000e\000s\000u\000l\000t\000a\000d\000o\000s}{section.4.2}% 49
\BOOKMARK [0][-]{chapter.5}{\376\377\000A\000n\000\341\000l\000i\000s\000i\000s\000\040\000d\000e\000\040\000r\000e\000s\000u\000l\000t\000a\000d\000o\000s\000\040}{}% 50
\BOOKMARK [1][-]{section.5.1}{\376\377\000H\000e\000r\000r\000a\000m\000i\000e\000n\000t\000a\000s\000\040\000u\000t\000i\000l\000i\000z\000a\000d\000a\000s}{chapter.5}% 51
\BOOKMARK [1][-]{section.5.2}{\376\377\000R\000e\000s\000u\000l\000t\000a\000d\000o\000s\000\040\000d\000e\000\040\000e\000s\000t\000a\000d\000\355\000s\000t\000i\000c\000o\000s\000\040\000d\000e\000s\000c\000r\000i\000p\000t\000i\000v\000o\000s}{chapter.5}% 52
\BOOKMARK [1][-]{section.5.3}{\376\377\000R\000e\000p\000r\000e\000s\000e\000n\000t\000a\000c\000i\000\363\000n\000\040\000g\000r\000\341\000f\000i\000c\000a\000\040\000d\000e\000\040\000l\000o\000s\000\040\000d\000a\000t\000o\000s\000\040\000s\000\355\000s\000m\000i\000c\000o\000s}{chapter.5}% 53
\BOOKMARK [2][-]{subsection.5.3.1}{\376\377\000H\000i\000s\000t\000o\000g\000r\000a\000m\000a\000s\000\040\000d\000e\000\040\000d\000e\000n\000s\000i\000d\000a\000d\000\040\000d\000e\000\040\000l\000o\000s\000\040\000s\000i\000s\000m\000o\000s\000\040\000p\000a\000r\000a\000\040\000s\000i\000s\000m\000o\000s\000\040\000t\000o\000t\000a\000l\000e\000s}{section.5.3}% 54
\BOOKMARK [2][-]{subsection.5.3.2}{\376\377\000H\000i\000s\000t\000o\000g\000r\000a\000m\000a\000s\000\040\000d\000e\000\040\000d\000e\000n\000s\000i\000d\000a\000d\000\040\000d\000e\000\040\000l\000o\000s\000\040\000s\000i\000s\000m\000o\000s\000\040\000p\000a\000r\000a\000\040\000m\000a\000g\000n\000i\000t\000u\000d\000e\000s\000\040\000m\000\341\000x\000i\000m\000a\000s}{section.5.3}% 55
\BOOKMARK [2][-]{subsection.5.3.3}{\376\377\000H\000i\000s\000t\000o\000g\000r\000a\000m\000a\000s\000\040\000d\000e\000\040\000f\000r\000e\000c\000u\000e\000n\000c\000i\000a\000s\000\040\000r\000e\000l\000a\000t\000i\000v\000a\000s\000\040\000p\000o\000r\000\040\000m\000e\000s\000\040\000p\000a\000r\000a\000\040\000s\000i\000s\000m\000o\000s\000\040\000t\000o\000t\000a\000l\000e\000s}{section.5.3}% 56
\BOOKMARK [2][-]{subsection.5.3.4}{\376\377\000H\000i\000s\000t\000o\000g\000r\000a\000m\000a\000s\000\040\000d\000e\000\040\000f\000r\000e\000c\000u\000e\000n\000c\000i\000a\000s\000\040\000r\000e\000l\000a\000t\000i\000v\000a\000s\000\040\000p\000o\000r\000\040\000m\000e\000s\000\040\000p\000a\000r\000a\000\040\000m\000a\000g\000n\000i\000t\000u\000d\000e\000s\000\040\000m\000\341\000x\000i\000m\000a\000s}{section.5.3}% 57
\BOOKMARK [2][-]{subsection.5.3.5}{\376\377\000H\000i\000s\000t\000o\000g\000r\000a\000m\000a\000s\000\040\000d\000e\000\040\000s\000i\000s\000m\000o\000s\000\040\000p\000o\000r\000\040\000m\000a\000g\000n\000i\000t\000u\000d}{section.5.3}% 58
\BOOKMARK [2][-]{subsection.5.3.6}{\376\377\000G\000r\000\341\000f\000i\000c\000o\000\040\000d\000e\000\040\000m\000a\000g\000n\000i\000t\000u\000d\000\040\000m\000\341\000x\000i\000m\000a\000,\000\040\000p\000r\000o\000m\000e\000d\000i\000o\000\040\000y\000\040\000m\000\355\000n\000i\000m\000a\000\040\000e\000n\000\040\000e\000l\000\040\000t\000i\000e\000m\000p\000o}{section.5.3}% 59
\BOOKMARK [1][-]{section.5.4}{\376\377\000I\000n\000t\000e\000r\000v\000a\000l\000o\000s\000\040\000d\000e\000\040\000c\000o\000n\000f\000i\000a\000n\000z\000a\000\040\000y\000\040\000t\000a\000m\000a\000\361\000o\000\040\000m\000\355\000n\000i\000m\000o\000\040\000d\000e\000\040\000l\000a\000\040\000m\000u\000e\000s\000t\000r\000a}{chapter.5}% 60
\BOOKMARK [2][-]{subsection.5.4.1}{\376\377\000I\000n\000t\000e\000r\000v\000a\000l\000o\000\040\000d\000e\000\040\000c\000o\000n\000f\000i\000a\000n\000z\000a\000\040\000p\000a\000r\000a\000\040\000l\000a\000\040\000m\000e\000d\000i\000a}{section.5.4}% 61
\BOOKMARK [2][-]{subsection.5.4.2}{\376\377\000I\000n\000t\000e\000r\000v\000a\000l\000o\000\040\000d\000e\000\040\000c\000o\000n\000f\000i\000a\000n\000z\000a\000\040\000p\000a\000r\000a\000\040\000l\000a\000\040\000v\000a\000r\000i\000a\000n\000z\000a}{section.5.4}% 62
\BOOKMARK [2][-]{subsection.5.4.3}{\376\377\000I\000n\000t\000e\000r\000v\000a\000l\000o\000\040\000d\000e\000\040\000c\000o\000n\000f\000i\000a\000n\000z\000a\000\040\000p\000a\000r\000a\000\040\000l\000a\000\040\000p\000r\000o\000p\000o\000r\000c\000i\000\363\000n\000\040\000d\000e\000\040\000s\000i\000s\000m\000o\000s\000\040\000m\000a\000y\000o\000r\000e\000s\000\040\000a\000l\000\040\000u\000m\000b\000r\000a\000l\000\040\000c\000r\000\355\000t\000i\000c\000o}{section.5.4}% 63
\BOOKMARK [2][-]{subsection.5.4.4}{\376\377\000R\000e\000s\000u\000l\000t\000a\000d\000o\000s\000\040\000d\000e\000\040\000l\000a\000s\000\040\000p\000r\000u\000e\000b\000a\000s\000\040\000d\000e\000\040\000p\000r\000o\000p\000o\000r\000c\000i\000o\000n\000e\000s\000\040\000m\000a\000y\000o\000r\000e\000s\000\040\000a\000\040\0006\000.\0005\000\260}{section.5.4}% 64
\BOOKMARK [0][-]{chapter.6}{\376\377\000C\000o\000n\000c\000l\000u\000s\000i\000o\000n\000e\000s\000\040}{}% 65
\BOOKMARK [0][-]{appendix.Alph1}{\376\377\000A\000n\000e\000x\000o\000\040\0001\000\040}{}% 66
\BOOKMARK [0][-]{appendix*.39}{\376\377\000B\000i\000b\000l\000i\000o\000g\000r\000a\000f\000\355\000a}{}% 67
